too few stops for 116_1
too few stops for 13_2
too few stops for 13_4
too few stops for 13_5
too few stops for 145_2
too few stops for 15_2
too few stops for 15_3
too few stops for 151_0
too few stops for 239_1
too few stops for 25_1
too few stops for 25A_1
too few stops for 25B_1
too few stops for 25D_1
too few stops for 26_1
too few stops for 31D_0
too few stops for 33_4
too few stops for 33A_3
too few stops for 33B_2
too few stops for 37_1
too few stops for 39_1
too few stops for 40D_5
too few stops for 41_6
too few stops for 41X_6
too few stops for 41X_7
too few stops for 42D_0
too few stops for 46A_4
too few stops for 49_2
too few stops for 66_1
too few stops for 66_2
too few stops for 66A_0
too few stops for 66B_0
too few stops for 67_0
too few stops for 68_1
too few stops for 68_2
too few stops for 68A_0
too few stops for 69_1
too few stops for 69X_0
too few stops for 747_0
too few stops for 75_2
too few stops for 75_3
too few stops for 75_4
too few stops for 79_0
too few stops for 84X_3
